2022-12-29 15:57:41,205 - aqt.main - INFO - installer 11472 aqtinstall(aqt) v3.1.0 on Python 3.10.6 [CPython MSC v.1932 64 bit (AMD64)]
2022-12-29 15:57:41,205 - aqt.main - WARNING - installer 11472 The command 'install' is deprecated and marked for removal in a future version of aqt.
In the future, please use the command 'install-qt' instead.
2022-12-29 15:57:41,217 - aqt.helper - DEBUG - helper 11472 Attempt to download checksum at https://download.qt.io/online/qtsdkrepository/windows_x86/desktop/qt6_640/Updates.xml.sha256
2022-12-29 15:57:42,766 - aqt.helper - DEBUG - helper 11944 Attempt to download checksum at https://download.qt.io/online/qtsdkrepository/windows_x86/desktop/qt6_640/qt.qt6.640.addons.qtvirtualkeyboard.win64_msvc2019_64/6.4.0-0-202209270704qtvirtualkeyboard-Windows-Windows_10_21H2-MSVC2019-Windows-Windows_10_21H2-X86_64.7z.sha256
2022-12-29 15:57:42,766 - aqt.helper - DEBUG - helper 24872 Attempt to download checksum at https://download.qt.io/online/qtsdkrepository/windows_x86/desktop/qt6_640/qt.qt6.640.win64_msvc2019_64/6.4.0-0-202209270704qtsvg-Windows-Windows_10_21H2-MSVC2019-Windows-Windows_10_21H2-X86_64.7z.sha256
2022-12-29 15:57:42,766 - aqt.helper - DEBUG - helper 12844 Attempt to download checksum at https://download.qt.io/online/qtsdkrepository/windows_x86/desktop/qt6_640/qt.qt6.640.win64_msvc2019_64/6.4.0-0-202209270704qtdeclarative-Windows-Windows_10_21H2-MSVC2019-Windows-Windows_10_21H2-X86_64.7z.sha256
2022-12-29 15:57:43,294 - aqt.helper - INFO - helper 11944 Downloading qtvirtualkeyboard...
2022-12-29 15:57:43,294 - aqt.installer - DEBUG - installer 11944 Download URL: https://download.qt.io/online/qtsdkrepository/windows_x86/desktop/qt6_640/qt.qt6.640.addons.qtvirtualkeyboard.win64_msvc2019_64/6.4.0-0-202209270704qtvirtualkeyboard-Windows-Windows_10_21H2-MSVC2019-Windows-Windows_10_21H2-X86_64.7z
2022-12-29 15:57:43,308 - aqt.helper - INFO - helper 12844 Downloading qtdeclarative...
2022-12-29 15:57:43,308 - aqt.installer - DEBUG - installer 12844 Download URL: https://download.qt.io/online/qtsdkrepository/windows_x86/desktop/qt6_640/qt.qt6.640.win64_msvc2019_64/6.4.0-0-202209270704qtdeclarative-Windows-Windows_10_21H2-MSVC2019-Windows-Windows_10_21H2-X86_64.7z
2022-12-29 15:57:43,320 - aqt.helper - INFO - helper 5392 Downloading qtbase...
2022-12-29 15:57:43,320 - aqt.installer - DEBUG - installer 5392 Download URL: https://download.qt.io/online/qtsdkrepository/windows_x86/desktop/qt6_640/qt.qt6.640.win64_msvc2019_64/6.4.0-0-202209270704qtbase-Windows-Windows_10_21H2-MSVC2019-Windows-Windows_10_21H2-X86_64.7z
2022-12-29 15:57:43,322 - aqt.helper - INFO - helper 24872 Downloading qtsvg...
2022-12-29 15:57:43,322 - aqt.installer - DEBUG - installer 24872 Download URL: https://download.qt.io/online/qtsdkrepository/windows_x86/desktop/qt6_640/qt.qt6.640.win64_msvc2019_64/6.4.0-0-202209270704qtsvg-Windows-Windows_10_21H2-MSVC2019-Windows-Windows_10_21H2-X86_64.7z
2022-12-29 15:57:43,834 - aqt.helper - DEBUG - helper 11944 Asked to redirect(302) to: https://qt.mirror.constant.com/online/qtsdkrepository/windows_x86/desktop/qt6_640/qt.qt6.640.addons.qtvirtualkeyboard.win64_msvc2019_64/6.4.0-0-202209270704qtvirtualkeyboard-Windows-Windows_10_21H2-MSVC2019-Windows-Windows_10_21H2-X86_64.7z
2022-12-29 15:57:43,834 - aqt.helper - INFO - helper 11944 Redirected: qt.mirror.constant.com
2022-12-29 15:57:43,839 - aqt.helper - DEBUG - helper 12844 Asked to redirect(302) to: https://qt.mirror.constant.com/online/qtsdkrepository/windows_x86/desktop/qt6_640/qt.qt6.640.win64_msvc2019_64/6.4.0-0-202209270704qtdeclarative-Windows-Windows_10_21H2-MSVC2019-Windows-Windows_10_21H2-X86_64.7z
2022-12-29 15:57:43,839 - aqt.helper - INFO - helper 12844 Redirected: qt.mirror.constant.com
2022-12-29 15:57:43,852 - aqt.helper - DEBUG - helper 24872 Asked to redirect(302) to: https://qt.mirror.constant.com/online/qtsdkrepository/windows_x86/desktop/qt6_640/qt.qt6.640.win64_msvc2019_64/6.4.0-0-202209270704qtsvg-Windows-Windows_10_21H2-MSVC2019-Windows-Windows_10_21H2-X86_64.7z
2022-12-29 15:57:43,853 - aqt.helper - INFO - helper 24872 Redirected: qt.mirror.constant.com
2022-12-29 15:57:43,863 - aqt.helper - DEBUG - helper 5392 Asked to redirect(302) to: https://qt.mirror.constant.com/online/qtsdkrepository/windows_x86/desktop/qt6_640/qt.qt6.640.win64_msvc2019_64/6.4.0-0-202209270704qtbase-Windows-Windows_10_21H2-MSVC2019-Windows-Windows_10_21H2-X86_64.7z
2022-12-29 15:57:43,863 - aqt.helper - INFO - helper 5392 Redirected: qt.mirror.constant.com
2022-12-29 15:57:44,350 - aqt.installer - INFO - installer 24872 Finished installation of qtsvg-Windows-Windows_10_21H2-MSVC2019-Windows-Windows_10_21H2-X86_64.7z in 1.58098430
2022-12-29 15:57:44,357 - aqt.helper - DEBUG - helper 24872 Attempt to download checksum at https://download.qt.io/online/qtsdkrepository/windows_x86/desktop/qt6_640/qt.qt6.640.win64_msvc2019_64/6.4.0-0-202209270704qttools-Windows-Windows_10_21H2-MSVC2019-Windows-Windows_10_21H2-X86_64.7z.sha256
2022-12-29 15:57:44,948 - aqt.helper - INFO - helper 24872 Downloading qttools...
2022-12-29 15:57:44,948 - aqt.installer - DEBUG - installer 24872 Download URL: https://download.qt.io/online/qtsdkrepository/windows_x86/desktop/qt6_640/qt.qt6.640.win64_msvc2019_64/6.4.0-0-202209270704qttools-Windows-Windows_10_21H2-MSVC2019-Windows-Windows_10_21H2-X86_64.7z
2022-12-29 15:57:44,980 - aqt.installer - INFO - installer 11944 Finished installation of qtvirtualkeyboard-Windows-Windows_10_21H2-MSVC2019-Windows-Windows_10_21H2-X86_64.7z in 2.21063700
2022-12-29 15:57:44,986 - aqt.helper - DEBUG - helper 11944 Attempt to download checksum at https://download.qt.io/online/qtsdkrepository/windows_x86/desktop/qt6_640/qt.qt6.640.win64_msvc2019_64/6.4.0-0-202209270704qttranslations-Windows-Windows_10_21H2-MSVC2019-Windows-Windows_10_21H2-X86_64.7z.sha256
2022-12-29 15:57:45,555 - aqt.helper - DEBUG - helper 24872 Asked to redirect(302) to: https://qt.mirror.constant.com/online/qtsdkrepository/windows_x86/desktop/qt6_640/qt.qt6.640.win64_msvc2019_64/6.4.0-0-202209270704qttools-Windows-Windows_10_21H2-MSVC2019-Windows-Windows_10_21H2-X86_64.7z
2022-12-29 15:57:45,555 - aqt.helper - INFO - helper 24872 Redirected: qt.mirror.constant.com
2022-12-29 15:57:46,568 - aqt.helper - INFO - helper 11944 Downloading qttranslations...
2022-12-29 15:57:46,568 - aqt.installer - DEBUG - installer 11944 Download URL: https://download.qt.io/online/qtsdkrepository/windows_x86/desktop/qt6_640/qt.qt6.640.win64_msvc2019_64/6.4.0-0-202209270704qttranslations-Windows-Windows_10_21H2-MSVC2019-Windows-Windows_10_21H2-X86_64.7z
2022-12-29 15:57:47,416 - aqt.helper - DEBUG - helper 11944 Asked to redirect(302) to: https://qt.mirror.constant.com/online/qtsdkrepository/windows_x86/desktop/qt6_640/qt.qt6.640.win64_msvc2019_64/6.4.0-0-202209270704qttranslations-Windows-Windows_10_21H2-MSVC2019-Windows-Windows_10_21H2-X86_64.7z
2022-12-29 15:57:47,416 - aqt.helper - INFO - helper 11944 Redirected: qt.mirror.constant.com
2022-12-29 15:57:48,154 - aqt.installer - INFO - installer 11944 Finished installation of qttranslations-Windows-Windows_10_21H2-MSVC2019-Windows-Windows_10_21H2-X86_64.7z in 3.18105450
2022-12-29 15:57:48,172 - aqt.helper - DEBUG - helper 11944 Attempt to download checksum at https://download.qt.io/online/qtsdkrepository/windows_x86/desktop/qt6_640/qt.qt6.640.win64_msvc2019_64/6.4.0-0-202209270704d3dcompiler_47-x64.7z.sha256
2022-12-29 15:57:48,693 - aqt.helper - INFO - helper 11944 Downloading d3dcompiler_47...
2022-12-29 15:57:48,693 - aqt.installer - DEBUG - installer 11944 Download URL: https://download.qt.io/online/qtsdkrepository/windows_x86/desktop/qt6_640/qt.qt6.640.win64_msvc2019_64/6.4.0-0-202209270704d3dcompiler_47-x64.7z
2022-12-29 15:57:48,883 - aqt.installer - INFO - installer 24872 Finished installation of qttools-Windows-Windows_10_21H2-MSVC2019-Windows-Windows_10_21H2-X86_64.7z in 4.53190240
2022-12-29 15:57:48,893 - aqt.helper - DEBUG - helper 24872 Attempt to download checksum at https://download.qt.io/online/qtsdkrepository/windows_x86/desktop/qt6_640/qt.qt6.640.win64_msvc2019_64/6.4.0-0-202209270704opengl32sw-64-mesa_11_2_2-signed.7z.sha256
2022-12-29 15:57:49,220 - aqt.helper - DEBUG - helper 11944 Asked to redirect(302) to: https://qt.mirror.constant.com/online/qtsdkrepository/windows_x86/desktop/qt6_640/qt.qt6.640.win64_msvc2019_64/6.4.0-0-202209270704d3dcompiler_47-x64.7z
2022-12-29 15:57:49,220 - aqt.helper - INFO - helper 11944 Redirected: qt.mirror.constant.com
2022-12-29 15:57:49,416 - aqt.helper - INFO - helper 24872 Downloading opengl32sw...
2022-12-29 15:57:49,416 - aqt.installer - DEBUG - installer 24872 Download URL: https://download.qt.io/online/qtsdkrepository/windows_x86/desktop/qt6_640/qt.qt6.640.win64_msvc2019_64/6.4.0-0-202209270704opengl32sw-64-mesa_11_2_2-signed.7z
2022-12-29 15:57:49,942 - aqt.helper - DEBUG - helper 24872 Asked to redirect(302) to: https://qt.mirror.constant.com/online/qtsdkrepository/windows_x86/desktop/qt6_640/qt.qt6.640.win64_msvc2019_64/6.4.0-0-202209270704opengl32sw-64-mesa_11_2_2-signed.7z
2022-12-29 15:57:49,943 - aqt.helper - INFO - helper 24872 Redirected: qt.mirror.constant.com
2022-12-29 15:57:49,955 - aqt.installer - INFO - installer 11944 Finished installation of d3dcompiler_47-x64.7z in 1.79007690
2022-12-29 15:57:50,892 - aqt.installer - INFO - installer 24872 Finished installation of opengl32sw-64-mesa_11_2_2-signed.7z in 2.00947860
2022-12-29 15:57:51,838 - aqt.installer - INFO - installer 5392 Finished installation of qtbase-Windows-Windows_10_21H2-MSVC2019-Windows-Windows_10_21H2-X86_64.7z in 9.07239270
2022-12-29 15:57:53,240 - aqt.installer - INFO - installer 12844 Finished installation of qtdeclarative-Windows-Windows_10_21H2-MSVC2019-Windows-Windows_10_21H2-X86_64.7z in 10.47388890
2022-12-29 15:57:53,394 - aqt.updater - INFO - updater 11472 Patching qt\6.4.0\msvc2019_64\bin\qmake.exe
2022-12-29 15:57:53,407 - aqt.main - INFO - installer 11472 Finished installation
2022-12-29 15:57:53,407 - aqt.main - INFO - installer 11472 Time elapsed: 12.19104320 second
2022-12-29 16:07:14,029 - aqt.main - INFO - installer 14652 aqtinstall(aqt) v3.1.0 on Python 3.10.6 [CPython MSC v.1932 64 bit (AMD64)]
2022-12-29 16:07:14,029 - aqt.main - WARNING - installer 14652 The command 'install' is deprecated and marked for removal in a future version of aqt.
In the future, please use the command 'install-qt' instead.
2022-12-29 16:07:14,029 - aqt.helper - DEBUG - helper 14652 Attempt to download checksum at https://download.qt.io/online/qtsdkrepository/windows_x86/desktop/qt6_640/Updates.xml.sha256
2022-12-29 16:07:15,519 - aqt.helper - DEBUG - helper 13132 Attempt to download checksum at https://download.qt.io/online/qtsdkrepository/windows_x86/desktop/qt6_640/qt.qt6.640.addons.qtvirtualkeyboard.win64_msvc2019_64/6.4.0-0-202209270704qtvirtualkeyboard-Windows-Windows_10_21H2-MSVC2019-Windows-Windows_10_21H2-X86_64.7z.sha256
2022-12-29 16:07:15,520 - aqt.helper - DEBUG - helper 5476 Attempt to download checksum at https://download.qt.io/online/qtsdkrepository/windows_x86/desktop/qt6_640/qt.qt6.640.win64_msvc2019_64/6.4.0-0-202209270704qtbase-Windows-Windows_10_21H2-MSVC2019-Windows-Windows_10_21H2-X86_64.7z.sha256
2022-12-29 16:07:15,520 - aqt.helper - DEBUG - helper 16892 Attempt to download checksum at https://download.qt.io/online/qtsdkrepository/windows_x86/desktop/qt6_640/qt.qt6.640.win64_msvc2019_64/6.4.0-0-202209270704qtsvg-Windows-Windows_10_21H2-MSVC2019-Windows-Windows_10_21H2-X86_64.7z.sha256
2022-12-29 16:07:15,520 - aqt.helper - DEBUG - helper 2472 Attempt to download checksum at https://download.qt.io/online/qtsdkrepository/windows_x86/desktop/qt6_640/qt.qt6.640.win64_msvc2019_64/6.4.0-0-202209270704qtdeclarative-Windows-Windows_10_21H2-MSVC2019-Windows-Windows_10_21H2-X86_64.7z.sha256
2022-12-29 16:07:16,049 - aqt.helper - INFO - helper 13132 Downloading qtvirtualkeyboard...
2022-12-29 16:07:16,050 - aqt.installer - DEBUG - installer 13132 Download URL: https://download.qt.io/online/qtsdkrepository/windows_x86/desktop/qt6_640/qt.qt6.640.addons.qtvirtualkeyboard.win64_msvc2019_64/6.4.0-0-202209270704qtvirtualkeyboard-Windows-Windows_10_21H2-MSVC2019-Windows-Windows_10_21H2-X86_64.7z
2022-12-29 16:07:16,074 - aqt.helper - INFO - helper 2472 Downloading qtdeclarative...
2022-12-29 16:07:16,074 - aqt.installer - DEBUG - installer 2472 Download URL: https://download.qt.io/online/qtsdkrepository/windows_x86/desktop/qt6_640/qt.qt6.640.win64_msvc2019_64/6.4.0-0-202209270704qtdeclarative-Windows-Windows_10_21H2-MSVC2019-Windows-Windows_10_21H2-X86_64.7z
2022-12-29 16:07:16,079 - aqt.helper - INFO - helper 5476 Downloading qtbase...
2022-12-29 16:07:16,079 - aqt.installer - DEBUG - installer 5476 Download URL: https://download.qt.io/online/qtsdkrepository/windows_x86/desktop/qt6_640/qt.qt6.640.win64_msvc2019_64/6.4.0-0-202209270704qtbase-Windows-Windows_10_21H2-MSVC2019-Windows-Windows_10_21H2-X86_64.7z
2022-12-29 16:07:16,084 - aqt.helper - INFO - helper 16892 Downloading qtsvg...
2022-12-29 16:07:16,084 - aqt.installer - DEBUG - installer 16892 Download URL: https://download.qt.io/online/qtsdkrepository/windows_x86/desktop/qt6_640/qt.qt6.640.win64_msvc2019_64/6.4.0-0-202209270704qtsvg-Windows-Windows_10_21H2-MSVC2019-Windows-Windows_10_21H2-X86_64.7z
2022-12-29 16:07:16,583 - aqt.helper - DEBUG - helper 13132 Asked to redirect(302) to: https://qt.mirror.constant.com/online/qtsdkrepository/windows_x86/desktop/qt6_640/qt.qt6.640.addons.qtvirtualkeyboard.win64_msvc2019_64/6.4.0-0-202209270704qtvirtualkeyboard-Windows-Windows_10_21H2-MSVC2019-Windows-Windows_10_21H2-X86_64.7z
2022-12-29 16:07:16,583 - aqt.helper - INFO - helper 13132 Redirected: qt.mirror.constant.com
2022-12-29 16:07:16,608 - aqt.helper - DEBUG - helper 16892 Asked to redirect(302) to: https://qt.mirror.constant.com/online/qtsdkrepository/windows_x86/desktop/qt6_640/qt.qt6.640.win64_msvc2019_64/6.4.0-0-202209270704qtsvg-Windows-Windows_10_21H2-MSVC2019-Windows-Windows_10_21H2-X86_64.7z
2022-12-29 16:07:16,608 - aqt.helper - DEBUG - helper 2472 Asked to redirect(302) to: https://qt.mirror.constant.com/online/qtsdkrepository/windows_x86/desktop/qt6_640/qt.qt6.640.win64_msvc2019_64/6.4.0-0-202209270704qtdeclarative-Windows-Windows_10_21H2-MSVC2019-Windows-Windows_10_21H2-X86_64.7z
2022-12-29 16:07:16,608 - aqt.helper - INFO - helper 16892 Redirected: qt.mirror.constant.com
2022-12-29 16:07:16,608 - aqt.helper - INFO - helper 2472 Redirected: qt.mirror.constant.com
2022-12-29 16:07:16,616 - aqt.helper - DEBUG - helper 5476 Asked to redirect(302) to: https://qt.mirror.constant.com/online/qtsdkrepository/windows_x86/desktop/qt6_640/qt.qt6.640.win64_msvc2019_64/6.4.0-0-202209270704qtbase-Windows-Windows_10_21H2-MSVC2019-Windows-Windows_10_21H2-X86_64.7z
2022-12-29 16:07:16,616 - aqt.helper - INFO - helper 5476 Redirected: qt.mirror.constant.com
2022-12-29 16:07:17,085 - aqt.installer - INFO - installer 16892 Finished installation of qtsvg-Windows-Windows_10_21H2-MSVC2019-Windows-Windows_10_21H2-X86_64.7z in 1.56695660
2022-12-29 16:07:17,091 - aqt.helper - DEBUG - helper 16892 Attempt to download checksum at https://download.qt.io/online/qtsdkrepository/windows_x86/desktop/qt6_640/qt.qt6.640.win64_msvc2019_64/6.4.0-0-202209270704qttools-Windows-Windows_10_21H2-MSVC2019-Windows-Windows_10_21H2-X86_64.7z.sha256
2022-12-29 16:07:17,422 - aqt.installer - INFO - installer 13132 Finished installation of qtvirtualkeyboard-Windows-Windows_10_21H2-MSVC2019-Windows-Windows_10_21H2-X86_64.7z in 1.90551280
2022-12-29 16:07:17,429 - aqt.helper - DEBUG - helper 13132 Attempt to download checksum at https://download.qt.io/online/qtsdkrepository/windows_x86/desktop/qt6_640/qt.qt6.640.win64_msvc2019_64/6.4.0-0-202209270704qttranslations-Windows-Windows_10_21H2-MSVC2019-Windows-Windows_10_21H2-X86_64.7z.sha256
2022-12-29 16:07:17,641 - aqt.helper - INFO - helper 16892 Downloading qttools...
2022-12-29 16:07:17,641 - aqt.installer - DEBUG - installer 16892 Download URL: https://download.qt.io/online/qtsdkrepository/windows_x86/desktop/qt6_640/qt.qt6.640.win64_msvc2019_64/6.4.0-0-202209270704qttools-Windows-Windows_10_21H2-MSVC2019-Windows-Windows_10_21H2-X86_64.7z
2022-12-29 16:07:17,961 - aqt.helper - INFO - helper 13132 Downloading qttranslations...
2022-12-29 16:07:17,962 - aqt.installer - DEBUG - installer 13132 Download URL: https://download.qt.io/online/qtsdkrepository/windows_x86/desktop/qt6_640/qt.qt6.640.win64_msvc2019_64/6.4.0-0-202209270704qttranslations-Windows-Windows_10_21H2-MSVC2019-Windows-Windows_10_21H2-X86_64.7z
2022-12-29 16:07:18,172 - aqt.helper - DEBUG - helper 16892 Asked to redirect(302) to: https://qt.mirror.constant.com/online/qtsdkrepository/windows_x86/desktop/qt6_640/qt.qt6.640.win64_msvc2019_64/6.4.0-0-202209270704qttools-Windows-Windows_10_21H2-MSVC2019-Windows-Windows_10_21H2-X86_64.7z
2022-12-29 16:07:18,172 - aqt.helper - INFO - helper 16892 Redirected: qt.mirror.constant.com
2022-12-29 16:07:18,497 - aqt.helper - DEBUG - helper 13132 Asked to redirect(302) to: https://qt.mirror.constant.com/online/qtsdkrepository/windows_x86/desktop/qt6_640/qt.qt6.640.win64_msvc2019_64/6.4.0-0-202209270704qttranslations-Windows-Windows_10_21H2-MSVC2019-Windows-Windows_10_21H2-X86_64.7z
2022-12-29 16:07:18,498 - aqt.helper - INFO - helper 13132 Redirected: qt.mirror.constant.com
2022-12-29 16:07:19,349 - aqt.installer - INFO - installer 13132 Finished installation of qttranslations-Windows-Windows_10_21H2-MSVC2019-Windows-Windows_10_21H2-X86_64.7z in 1.92355300
2022-12-29 16:07:19,362 - aqt.helper - DEBUG - helper 13132 Attempt to download checksum at https://download.qt.io/online/qtsdkrepository/windows_x86/desktop/qt6_640/qt.qt6.640.win64_msvc2019_64/6.4.0-0-202209270704d3dcompiler_47-x64.7z.sha256
2022-12-29 16:07:19,917 - aqt.helper - INFO - helper 13132 Downloading d3dcompiler_47...
2022-12-29 16:07:19,917 - aqt.installer - DEBUG - installer 13132 Download URL: https://download.qt.io/online/qtsdkrepository/windows_x86/desktop/qt6_640/qt.qt6.640.win64_msvc2019_64/6.4.0-0-202209270704d3dcompiler_47-x64.7z
2022-12-29 16:07:20,445 - aqt.helper - DEBUG - helper 13132 Asked to redirect(302) to: https://qt.mirror.constant.com/online/qtsdkrepository/windows_x86/desktop/qt6_640/qt.qt6.640.win64_msvc2019_64/6.4.0-0-202209270704d3dcompiler_47-x64.7z
2022-12-29 16:07:20,445 - aqt.helper - INFO - helper 13132 Redirected: qt.mirror.constant.com
2022-12-29 16:07:20,981 - aqt.installer - INFO - installer 13132 Finished installation of d3dcompiler_47-x64.7z in 1.62522290
2022-12-29 16:07:20,992 - aqt.helper - DEBUG - helper 13132 Attempt to download checksum at https://download.qt.io/online/qtsdkrepository/windows_x86/desktop/qt6_640/qt.qt6.640.win64_msvc2019_64/6.4.0-0-202209270704opengl32sw-64-mesa_11_2_2-signed.7z.sha256
2022-12-29 16:07:21,356 - aqt.installer - INFO - installer 16892 Finished installation of qttools-Windows-Windows_10_21H2-MSVC2019-Windows-Windows_10_21H2-X86_64.7z in 4.26794760
2022-12-29 16:07:21,555 - aqt.helper - INFO - helper 13132 Downloading opengl32sw...
2022-12-29 16:07:21,555 - aqt.installer - DEBUG - installer 13132 Download URL: https://download.qt.io/online/qtsdkrepository/windows_x86/desktop/qt6_640/qt.qt6.640.win64_msvc2019_64/6.4.0-0-202209270704opengl32sw-64-mesa_11_2_2-signed.7z
2022-12-29 16:07:22,112 - aqt.helper - DEBUG - helper 13132 Asked to redirect(302) to: https://qt.mirror.constant.com/online/qtsdkrepository/windows_x86/desktop/qt6_640/qt.qt6.640.win64_msvc2019_64/6.4.0-0-202209270704opengl32sw-64-mesa_11_2_2-signed.7z
2022-12-29 16:07:22,112 - aqt.helper - INFO - helper 13132 Redirected: qt.mirror.constant.com
2022-12-29 16:07:23,096 - aqt.installer - INFO - installer 13132 Finished installation of opengl32sw-64-mesa_11_2_2-signed.7z in 2.10739940
2022-12-29 16:07:23,449 - aqt.installer - INFO - installer 5476 Finished installation of qtbase-Windows-Windows_10_21H2-MSVC2019-Windows-Windows_10_21H2-X86_64.7z in 7.93151120
2022-12-29 16:07:25,941 - aqt.installer - INFO - installer 2472 Finished installation of qtdeclarative-Windows-Windows_10_21H2-MSVC2019-Windows-Windows_10_21H2-X86_64.7z in 10.42465560
2022-12-29 16:07:26,081 - aqt.updater - INFO - updater 14652 Patching C:\qt6\6.4.0\msvc2019_64\bin\qmake.exe
2022-12-29 16:07:26,095 - aqt.main - INFO - installer 14652 Finished installation
2022-12-29 16:07:26,095 - aqt.main - INFO - installer 14652 Time elapsed: 12.06585170 second
2022-12-29 16:14:17,348 - aqt.main - INFO - installer 1224 aqtinstall(aqt) v3.1.0 on Python 3.10.6 [CPython MSC v.1932 64 bit (AMD64)]
2022-12-29 16:14:17,348 - aqt.main - WARNING - installer 1224 The command 'install' is deprecated and marked for removal in a future version of aqt.
In the future, please use the command 'install-qt' instead.
2022-12-29 16:14:17,359 - aqt.helper - DEBUG - helper 1224 Attempt to download checksum at https://download.qt.io/online/qtsdkrepository/windows_x86/desktop/qt6_641/Updates.xml.sha256
2022-12-29 16:14:18,894 - aqt.helper - DEBUG - helper 8432 Attempt to download checksum at https://download.qt.io/online/qtsdkrepository/windows_x86/desktop/qt6_641/qt.qt6.641.addons.qtvirtualkeyboard.win64_msvc2019_64/6.4.1-0-202211101254qtvirtualkeyboard-Windows-Windows_10_21H2-MSVC2019-Windows-Windows_10_21H2-X86_64.7z.sha256
2022-12-29 16:14:18,894 - aqt.helper - DEBUG - helper 8020 Attempt to download checksum at https://download.qt.io/online/qtsdkrepository/windows_x86/desktop/qt6_641/qt.qt6.641.win64_msvc2019_64/6.4.1-0-202211101254qtbase-Windows-Windows_10_21H2-MSVC2019-Windows-Windows_10_21H2-X86_64.7z.sha256
2022-12-29 16:14:18,894 - aqt.helper - DEBUG - helper 10892 Attempt to download checksum at https://download.qt.io/online/qtsdkrepository/windows_x86/desktop/qt6_641/qt.qt6.641.win64_msvc2019_64/6.4.1-0-202211101254qtsvg-Windows-Windows_10_21H2-MSVC2019-Windows-Windows_10_21H2-X86_64.7z.sha256
2022-12-29 16:14:18,894 - aqt.helper - DEBUG - helper 20320 Attempt to download checksum at https://download.qt.io/online/qtsdkrepository/windows_x86/desktop/qt6_641/qt.qt6.641.win64_msvc2019_64/6.4.1-0-202211101254qtdeclarative-Windows-Windows_10_21H2-MSVC2019-Windows-Windows_10_21H2-X86_64.7z.sha256
2022-12-29 16:14:19,435 - aqt.helper - INFO - helper 8020 Downloading qtbase...
2022-12-29 16:14:19,435 - aqt.helper - INFO - helper 8432 Downloading qtvirtualkeyboard...
2022-12-29 16:14:19,436 - aqt.installer - DEBUG - installer 8020 Download URL: https://download.qt.io/online/qtsdkrepository/windows_x86/desktop/qt6_641/qt.qt6.641.win64_msvc2019_64/6.4.1-0-202211101254qtbase-Windows-Windows_10_21H2-MSVC2019-Windows-Windows_10_21H2-X86_64.7z
2022-12-29 16:14:19,436 - aqt.installer - DEBUG - installer 8432 Download URL: https://download.qt.io/online/qtsdkrepository/windows_x86/desktop/qt6_641/qt.qt6.641.addons.qtvirtualkeyboard.win64_msvc2019_64/6.4.1-0-202211101254qtvirtualkeyboard-Windows-Windows_10_21H2-MSVC2019-Windows-Windows_10_21H2-X86_64.7z
2022-12-29 16:14:19,468 - aqt.helper - INFO - helper 20320 Downloading qtdeclarative...
2022-12-29 16:14:19,468 - aqt.helper - INFO - helper 10892 Downloading qtsvg...
2022-12-29 16:14:19,468 - aqt.installer - DEBUG - installer 20320 Download URL: https://download.qt.io/online/qtsdkrepository/windows_x86/desktop/qt6_641/qt.qt6.641.win64_msvc2019_64/6.4.1-0-202211101254qtdeclarative-Windows-Windows_10_21H2-MSVC2019-Windows-Windows_10_21H2-X86_64.7z
2022-12-29 16:14:19,468 - aqt.installer - DEBUG - installer 10892 Download URL: https://download.qt.io/online/qtsdkrepository/windows_x86/desktop/qt6_641/qt.qt6.641.win64_msvc2019_64/6.4.1-0-202211101254qtsvg-Windows-Windows_10_21H2-MSVC2019-Windows-Windows_10_21H2-X86_64.7z
2022-12-29 16:14:19,965 - aqt.helper - DEBUG - helper 8432 Asked to redirect(302) to: https://qt.mirror.constant.com/online/qtsdkrepository/windows_x86/desktop/qt6_641/qt.qt6.641.addons.qtvirtualkeyboard.win64_msvc2019_64/6.4.1-0-202211101254qtvirtualkeyboard-Windows-Windows_10_21H2-MSVC2019-Windows-Windows_10_21H2-X86_64.7z
2022-12-29 16:14:19,965 - aqt.helper - INFO - helper 8432 Redirected: qt.mirror.constant.com
2022-12-29 16:14:19,967 - aqt.helper - DEBUG - helper 8020 Asked to redirect(302) to: https://qt.mirror.constant.com/online/qtsdkrepository/windows_x86/desktop/qt6_641/qt.qt6.641.win64_msvc2019_64/6.4.1-0-202211101254qtbase-Windows-Windows_10_21H2-MSVC2019-Windows-Windows_10_21H2-X86_64.7z
2022-12-29 16:14:19,967 - aqt.helper - INFO - helper 8020 Redirected: qt.mirror.constant.com
2022-12-29 16:14:19,993 - aqt.helper - DEBUG - helper 20320 Asked to redirect(302) to: https://qt.mirror.constant.com/online/qtsdkrepository/windows_x86/desktop/qt6_641/qt.qt6.641.win64_msvc2019_64/6.4.1-0-202211101254qtdeclarative-Windows-Windows_10_21H2-MSVC2019-Windows-Windows_10_21H2-X86_64.7z
2022-12-29 16:14:19,993 - aqt.helper - INFO - helper 20320 Redirected: qt.mirror.constant.com
2022-12-29 16:14:19,996 - aqt.helper - DEBUG - helper 10892 Asked to redirect(302) to: https://qt.mirror.constant.com/online/qtsdkrepository/windows_x86/desktop/qt6_641/qt.qt6.641.win64_msvc2019_64/6.4.1-0-202211101254qtsvg-Windows-Windows_10_21H2-MSVC2019-Windows-Windows_10_21H2-X86_64.7z
2022-12-29 16:14:19,997 - aqt.helper - INFO - helper 10892 Redirected: qt.mirror.constant.com
2022-12-29 16:14:20,443 - aqt.installer - INFO - installer 10892 Finished installation of qtsvg-Windows-Windows_10_21H2-MSVC2019-Windows-Windows_10_21H2-X86_64.7z in 1.54895000
2022-12-29 16:14:20,460 - aqt.helper - DEBUG - helper 10892 Attempt to download checksum at https://download.qt.io/online/qtsdkrepository/windows_x86/desktop/qt6_641/qt.qt6.641.win64_msvc2019_64/6.4.1-0-202211101254qttools-Windows-Windows_10_21H2-MSVC2019-Windows-Windows_10_21H2-X86_64.7z.sha256
2022-12-29 16:14:20,759 - aqt.installer - INFO - installer 8432 Finished installation of qtvirtualkeyboard-Windows-Windows_10_21H2-MSVC2019-Windows-Windows_10_21H2-X86_64.7z in 1.86248970
2022-12-29 16:14:20,773 - aqt.helper - DEBUG - helper 8432 Attempt to download checksum at https://download.qt.io/online/qtsdkrepository/windows_x86/desktop/qt6_641/qt.qt6.641.win64_msvc2019_64/6.4.1-0-202211101254qttranslations-Windows-Windows_10_21H2-MSVC2019-Windows-Windows_10_21H2-X86_64.7z.sha256
2022-12-29 16:14:21,057 - aqt.helper - INFO - helper 10892 Downloading qttools...
2022-12-29 16:14:21,057 - aqt.installer - DEBUG - installer 10892 Download URL: https://download.qt.io/online/qtsdkrepository/windows_x86/desktop/qt6_641/qt.qt6.641.win64_msvc2019_64/6.4.1-0-202211101254qttools-Windows-Windows_10_21H2-MSVC2019-Windows-Windows_10_21H2-X86_64.7z
2022-12-29 16:14:21,377 - aqt.helper - INFO - helper 8432 Downloading qttranslations...
2022-12-29 16:14:21,377 - aqt.installer - DEBUG - installer 8432 Download URL: https://download.qt.io/online/qtsdkrepository/windows_x86/desktop/qt6_641/qt.qt6.641.win64_msvc2019_64/6.4.1-0-202211101254qttranslations-Windows-Windows_10_21H2-MSVC2019-Windows-Windows_10_21H2-X86_64.7z
2022-12-29 16:14:21,640 - aqt.helper - DEBUG - helper 10892 Asked to redirect(302) to: https://qt.mirror.constant.com/online/qtsdkrepository/windows_x86/desktop/qt6_641/qt.qt6.641.win64_msvc2019_64/6.4.1-0-202211101254qttools-Windows-Windows_10_21H2-MSVC2019-Windows-Windows_10_21H2-X86_64.7z
2022-12-29 16:14:21,640 - aqt.helper - INFO - helper 10892 Redirected: qt.mirror.constant.com
2022-12-29 16:14:21,919 - aqt.helper - DEBUG - helper 8432 Asked to redirect(302) to: https://qt.mirror.constant.com/online/qtsdkrepository/windows_x86/desktop/qt6_641/qt.qt6.641.win64_msvc2019_64/6.4.1-0-202211101254qttranslations-Windows-Windows_10_21H2-MSVC2019-Windows-Windows_10_21H2-X86_64.7z
2022-12-29 16:14:21,919 - aqt.helper - INFO - helper 8432 Redirected: qt.mirror.constant.com
2022-12-29 16:14:22,864 - aqt.installer - INFO - installer 8432 Finished installation of qttranslations-Windows-Windows_10_21H2-MSVC2019-Windows-Windows_10_21H2-X86_64.7z in 2.09349490
2022-12-29 16:14:22,876 - aqt.helper - DEBUG - helper 8432 Attempt to download checksum at https://download.qt.io/online/qtsdkrepository/windows_x86/desktop/qt6_641/qt.qt6.641.win64_msvc2019_64/6.4.1-0-202211101254d3dcompiler_47-x64.7z.sha256
2022-12-29 16:14:23,554 - aqt.helper - INFO - helper 8432 Downloading d3dcompiler_47...
2022-12-29 16:14:23,554 - aqt.installer - DEBUG - installer 8432 Download URL: https://download.qt.io/online/qtsdkrepository/windows_x86/desktop/qt6_641/qt.qt6.641.win64_msvc2019_64/6.4.1-0-202211101254d3dcompiler_47-x64.7z
2022-12-29 16:14:24,085 - aqt.helper - DEBUG - helper 8432 Asked to redirect(302) to: https://qt.mirror.constant.com/online/qtsdkrepository/windows_x86/desktop/qt6_641/qt.qt6.641.win64_msvc2019_64/6.4.1-0-202211101254d3dcompiler_47-x64.7z
2022-12-29 16:14:24,085 - aqt.helper - INFO - helper 8432 Redirected: qt.mirror.constant.com
2022-12-29 16:14:24,660 - aqt.installer - INFO - installer 8432 Finished installation of d3dcompiler_47-x64.7z in 1.78720430
2022-12-29 16:14:24,668 - aqt.helper - DEBUG - helper 8432 Attempt to download checksum at https://download.qt.io/online/qtsdkrepository/windows_x86/desktop/qt6_641/qt.qt6.641.win64_msvc2019_64/6.4.1-0-202211101254opengl32sw-64-mesa_11_2_2-signed.7z.sha256
2022-12-29 16:14:24,932 - aqt.installer - INFO - installer 10892 Finished installation of qttools-Windows-Windows_10_21H2-MSVC2019-Windows-Windows_10_21H2-X86_64.7z in 4.47672870
2022-12-29 16:14:25,200 - aqt.helper - INFO - helper 8432 Downloading opengl32sw...
2022-12-29 16:14:25,200 - aqt.installer - DEBUG - installer 8432 Download URL: https://download.qt.io/online/qtsdkrepository/windows_x86/desktop/qt6_641/qt.qt6.641.win64_msvc2019_64/6.4.1-0-202211101254opengl32sw-64-mesa_11_2_2-signed.7z
2022-12-29 16:14:25,746 - aqt.helper - DEBUG - helper 8432 Asked to redirect(302) to: https://qt.mirror.constant.com/online/qtsdkrepository/windows_x86/desktop/qt6_641/qt.qt6.641.win64_msvc2019_64/6.4.1-0-202211101254opengl32sw-64-mesa_11_2_2-signed.7z
2022-12-29 16:14:25,746 - aqt.helper - INFO - helper 8432 Redirected: qt.mirror.constant.com
2022-12-29 16:14:26,562 - aqt.installer - INFO - installer 8020 Finished installation of qtbase-Windows-Windows_10_21H2-MSVC2019-Windows-Windows_10_21H2-X86_64.7z in 7.67190700
2022-12-29 16:14:26,667 - aqt.installer - INFO - installer 8432 Finished installation of opengl32sw-64-mesa_11_2_2-signed.7z in 2.00138850
2022-12-29 16:14:28,597 - aqt.installer - INFO - installer 20320 Finished installation of qtdeclarative-Windows-Windows_10_21H2-MSVC2019-Windows-Windows_10_21H2-X86_64.7z in 9.70650920
2022-12-29 16:14:28,750 - aqt.updater - INFO - updater 1224 Patching C:\qt6\6.4.1\msvc2019_64\bin\qmake.exe
2022-12-29 16:14:28,754 - aqt.main - INFO - installer 1224 Finished installation
2022-12-29 16:14:28,754 - aqt.main - INFO - installer 1224 Time elapsed: 11.39673860 second
2022-12-29 16:21:44,731 - aqt.helper - DEBUG - helper 25260 Attempt to download checksum at https://download.qt.io/online/qtsdkrepository/windows_x86/desktop/qt6_641_src_doc_examples/Updates.xml.sha256
2022-12-29 16:28:32,964 - aqt.main - ERROR - installer 4372 Invalid version or SimpleSpec: 'desktop'
See documentation at: https://python-semanticversion.readthedocs.io/en/latest/reference.html#semantic_version.SimpleSpec
Examples:
* "*": matches everything
* "5": matches every version with major=5
* "5.6": matches every version beginning with 5.6
* "5.*.3": matches versions with major=5 and patch=3
2022-12-29 16:28:39,361 - aqt.helper - DEBUG - helper 7864 Attempt to download checksum at https://download.qt.io/online/qtsdkrepository/windows_x86/desktop/qt6_641_src_doc_examples/Updates.xml.sha256
